<?xml version="1.0" encoding="UTF-8"?>
<!-- Generated by org.testng.reporters.JUnitReportReporter -->
<testsuite hostname="LAPTOP-DGDR47U5" failures="0" tests="6" name="api.test.DDTests" time="16.002" errors="0" timestamp="2022-12-22T11:49:29 IST" skipped="0">
  <testcase classname="api.test.DDTests" name="testPostUser" time="2.556"/>
  <system-out/>
  <testcase classname="api.test.DDTests" name="testPostUser" time="2.491"/>
  <system-out/>
  <testcase classname="api.test.DDTests" name="testPostUser" time="2.965"/>
  <system-out/>
  <testcase classname="api.test.DDTests" name="test_DeleteUser" time="2.867"/>
  <system-out/>
  <testcase classname="api.test.DDTests" name="test_DeleteUser" time="2.658"/>
  <system-out/>
  <testcase classname="api.test.DDTests" name="test_DeleteUser" time="2.465"/>
  <system-out/>
</testsuite> <!-- api.test.DDTests -->
