<?xml version="1.0" encoding="UTF-8"?>
<!-- Generated by org.testng.reporters.JUnitReportReporter -->
<testsuite hostname="LAPTOP-DGDR47U5" failures="0" tests="1" name="api.test.UserTests" time="29.407" errors="0" timestamp="2022-12-22T13:07:05 IST" skipped="0">
  <testcase classname="api.test.UserTests" name="test_CreateListOfUserWithGivenArray" time="29.407"/>
  <system-out/>
</testsuite> <!-- api.test.UserTests -->
