<?xml version="1.0" encoding="UTF-8"?>
<!-- Generated by org.testng.reporters.JUnitReportReporter -->
<testsuite hostname="LAPTOP-DGDR47U5" failures="0" tests="1" name="api.test.CreateListOfUsers" time="29.647" errors="0" timestamp="2022-12-22T15:36:18 IST" skipped="0">
  <testcase classname="api.test.CreateListOfUsers" name="setUpData" time="29.647"/>
  <system-out/>
</testsuite> <!-- api.test.CreateListOfUsers -->
