<?xml version="1.0" encoding="UTF-8"?>
<!-- Generated by org.testng.reporters.JUnitReportReporter -->
<testsuite hostname="LAPTOP-DGDR47U5" failures="0" tests="1" name="api.test.CreateListOfUsers" time="33.748" errors="0" timestamp="2022-12-29T15:35:39 IST" skipped="0">
  <testcase classname="api.test.CreateListOfUsers" name="setUpData" time="33.748"/>
  <system-out/>
</testsuite> <!-- api.test.CreateListOfUsers -->
